# JRE version: Java(TM) SE Runtime Environment 18.9 (11.0.22+9) (build 11.0.22+9-LTS-219)
# Java VM: Java HotSpot(TM) 64-Bit Server VM 18.9 (11.0.22+9-LTS-219, mixed mode, tiered, compressed oops, g1 gc, windows-amd64)
Heap:
 garbage-first heap   total 310272K, used 28466K [0x0000000704000000, 0x0000000800000000)
  region size 1024K, 15 young (15360K), 15 survivors (15360K)
 Metaspace       used 65383K, capacity 67457K, committed 67632K, reserved 1116160K
  class space    used 8750K, capacity 9600K, committed 9600K, reserved 1048576K
GC Heap History (10 events):
Event: 1.446 GC heap before
{Heap before GC invocations=4 (full 0):
 garbage-first heap   total 258048K, used 91379K [0x0000000704000000, 0x0000000800000000)
  region size 1024K, 82 young (83968K), 3 survivors (3072K)
 Metaspace       used 29039K, capacity 29942K, committed 30128K, reserved 1075200K
  class space    used 3603K, capacity 3972K, committed 4096K, reserved 1048576K
}
Event: 1.450 GC heap after
{Heap after GC invocations=5 (full 0):
 garbage-first heap   total 258048K, used 14926K [0x0000000704000000, 0x0000000800000000)
  region size 1024K, 6 young (6144K), 6 survivors (6144K)
 Metaspace       used 29039K, capacity 29942K, committed 30128K, reserved 1075200K
  class space    used 3603K, capacity 3972K, committed 4096K, reserved 1048576K
}
Event: 1.965 GC heap before
{Heap before GC invocations=5 (full 0):
 garbage-first heap   total 258048K, used 91726K [0x0000000704000000, 0x0000000800000000)
  region size 1024K, 82 young (83968K), 6 survivors (6144K)
 Metaspace       used 34707K, capacity 35839K, committed 35920K, reserved 1081344K
  class space    used 4399K, capacity 4841K, committed 4864K, reserved 1048576K
}
Event: 1.970 GC heap after
{Heap after GC invocations=6 (full 0):
 garbage-first heap   total 258048K, used 17137K [0x0000000704000000, 0x0000000800000000)
  region size 1024K, 8 young (8192K), 8 survivors (8192K)
 Metaspace       used 34707K, capacity 35839K, committed 35920K, reserved 1081344K
  class space    used 4399K, capacity 4841K, committed 4864K, reserved 1048576K
}
Event: 2.778 GC heap before
{Heap before GC invocations=7 (full 0):
 garbage-first heap   total 258048K, used 145137K [0x0000000704000000, 0x0000000800000000)
  region size 1024K, 133 young (136192K), 8 survivors (8192K)
 Metaspace       used 47879K, capacity 49356K, committed 49456K, reserved 1091584K
  class space    used 6154K, capacity 6763K, committed 6784K, reserved 1048576K
}
Event: 2.786 GC heap after
{Heap after GC invocations=8 (full 0):
 garbage-first heap   total 258048K, used 22813K [0x0000000704000000, 0x0000000800000000)
  region size 1024K, 14 young (14336K), 14 survivors (14336K)
 Metaspace       used 47879K, capacity 49356K, committed 49456K, reserved 1091584K
  class space    used 6154K, capacity 6763K, committed 6784K, reserved 1048576K
}
Event: 3.375 GC heap before
{Heap before GC invocations=8 (full 0):
 garbage-first heap   total 258048K, used 119069K [0x0000000704000000, 0x0000000800000000)
  region size 1024K, 109 young (111616K), 14 survivors (14336K)
 Metaspace       used 58299K, capacity 60029K, committed 60080K, reserved 1101824K
  class space    used 7683K, capacity 8401K, committed 8448K, reserved 1048576K
}
Event: 3.387 GC heap after
{Heap after GC invocations=9 (full 0):
 garbage-first heap   total 310272K, used 25869K [0x0000000704000000, 0x0000000800000000)
  region size 1024K, 12 young (12288K), 12 survivors (12288K)
 Metaspace       used 58299K, capacity 60029K, committed 60080K, reserved 1101824K
  class space    used 7683K, capacity 8401K, committed 8448K, reserved 1048576K
}
Event: 4.138 GC heap before
{Heap before GC invocations=10 (full 0):
 garbage-first heap   total 310272K, used 123149K [0x0000000704000000, 0x0000000800000000)
  region size 1024K, 108 young (110592K), 12 survivors (12288K)
 Metaspace       used 65383K, capacity 67457K, committed 67632K, reserved 1116160K
  class space    used 8750K, capacity 9600K, committed 9600K, reserved 1048576K
}
Event: 4.147 GC heap after
{Heap after GC invocations=11 (full 0):
 garbage-first heap   total 310272K, used 28466K [0x0000000704000000, 0x0000000800000000)
  region size 1024K, 15 young (15360K), 15 survivors (15360K)
 Metaspace       used 65383K, capacity 67457K, committed 67632K, reserved 1116160K
  class space    used 8750K, capacity 9600K, committed 9600K, reserved 1048576K
}

